<?xml version="1.0" encoding="UTF-8"?>
<!-- Generated by org.testng.reporters.JUnitReportReporter -->
<testsuite hostname="LAPTOP-IISGFF1O" failures="0" tests="1" name="com.example.AppTest" time="12.304" errors="0" timestamp="2024-04-25T23:26:22 IST" skipped="0">
  <testcase classname="com.example.AppTest" name="shouldAnswerWithTrue" time="12.304"/>
</testsuite> <!-- com.example.AppTest -->
