<?xml version="1.0" encoding="UTF-8"?>
<!-- Generated by org.testng.reporters.JUnitReportReporter -->
<testsuite hostname="LAPTOP-IISGFF1O" failures="0" tests="2" name="com.example.AppTest" time="51.726" errors="0" timestamp="2024-04-25T22:00:58 IST" skipped="0">
  <testcase classname="com.example.AppTest" name="test1" time="25.209"/>
  <testcase classname="com.example.AppTest" name="test2" time="26.517"/>
</testsuite> <!-- com.example.AppTest -->
